21-02-2022 12:38:33|Add appointment|[MTLA210222, server.AppointmentType@9807454, 15]|Success: Appointment Added|true|
21-02-2022 12:39:06|Sent UDP request to Shrebrooke server:server.AppointmentType@9807454 list appointment availability|[server.AppointmentType@9807454]||false|
21-02-2022 12:39:06|Sent UDP request to Quebec server:server.AppointmentType@9807454 list appointment availability|[server.AppointmentType@9807454]||false|
21-02-2022 12:39:06|Received UDP response from Sharebrooke server|[server.AppointmentType@9807454]||false|
21-02-2022 12:39:06|Received UDP response from quebec server|[server.AppointmentType@9807454]||false|
21-02-2022 12:39:06|List Appointment Availability of server.AppointmentType@9807454|[server.AppointmentType@9807454]|List appointment server.AppointmentType@9807454: [MTLE030222  2, MTLA030222  1, MTLA210222  15, MTLM010222  0, ]|false|
21-02-2022 23:42:15|Sent UDP request to Shrebrooke server:PHYSICIAN list appointment availability|[PHYSICIAN]||false|
21-02-2022 23:42:15|Sent UDP request to Quebec server:PHYSICIAN list appointment availability|[PHYSICIAN]||false|
21-02-2022 23:42:15|Received UDP response from Sharebrooke server|[PHYSICIAN]|SHEE080222  2,|false|
21-02-2022 23:42:15|Received UDP response from quebec server|[PHYSICIAN]|QUEA040222  6,|false|
21-02-2022 23:42:15|List Appointment Availability of PHYSICIAN|[PHYSICIAN]|List appointment PHYSICIAN: [MTLE030222  2, MTLA030222  1, MTLM010222  0, SHEE080222  2,QUEA040222  6,]|false|
21-02-2022 23:44:05|Sent UDP request to Shrebrooke server:MTLA0000 getAppointmentSchedule|[MTLA0000]|Appointment Schedule of MTLA0000 [|false|
21-02-2022 23:44:05|Sent UDP request to Quebec server:MTLA0000 getAppointmentSchedule|[MTLA0000]|Appointment Schedule of MTLA0000 [|false|
21-02-2022 23:44:05|Received UDP response from Sharebrooke server|[MTLA0000]||false|
21-02-2022 23:44:05|Received UDP response from quebec server|[MTLA0000]||false|
21-02-2022 23:44:05|Get appointment Schedule|[MTLA0000]|Appointment Schedule of MTLA0000 []|false|
21-02-2022 23:44:05|Swap appointment|[MTLA0000, MTLA030222, PHYSICIAN, QUEA040222, PHYSICIAN]|Failed: No record found of [MTLA0000, MTLA030222]|false|
23-02-2022 10:38:06|Add appointment|[MTLA230222, PHYSICIAN, 15]|Success: Appointment Added|true|
23-02-2022 10:38:15|Sent UDP request to Shrebrooke server:MTLP2345 getAppointmentSchedule|[MTLP2345]|Appointment Schedule of MTLP2345 [PHYSICIAN:MTLA030222,PHYSICIAN:MTLM010222,DENTAL:MTLE030222,DENTAL:MTLA020222,DENTAL:MTLM030222,|false|
23-02-2022 10:38:15|Sent UDP request to Quebec server:MTLP2345 getAppointmentSchedule|[MTLP2345]|Appointment Schedule of MTLP2345 [PHYSICIAN:MTLA030222,PHYSICIAN:MTLM010222,DENTAL:MTLE030222,DENTAL:MTLA020222,DENTAL:MTLM030222,|false|
23-02-2022 10:38:15|Received UDP response from Sharebrooke server|[MTLP2345]|PHYSICIAN:SHEE080222,SURGEON:SHEE070222,|false|
23-02-2022 10:38:15|Received UDP response from quebec server|[MTLP2345]|PHYSICIAN:QUEA040222,|false|
23-02-2022 10:38:15|Get appointment Schedule|[MTLP2345]|Appointment Schedule of MTLP2345 [PHYSICIAN:MTLA030222,PHYSICIAN:MTLM010222,DENTAL:MTLE030222,DENTAL:MTLA020222,DENTAL:MTLM030222,PHYSICIAN:SHEE080222,SURGEON:SHEE070222,PHYSICIAN:QUEA040222,]|false|
23-02-2022 10:38:46|Sent UDP request to Shrebrooke server:MTLP2345 getAppointmentSchedule|[MTLP2345]|Appointment Schedule of MTLP2345 [PHYSICIAN:MTLA030222,PHYSICIAN:MTLM010222,DENTAL:MTLE030222,DENTAL:MTLA020222,DENTAL:MTLM030222,|false|
23-02-2022 10:38:46|Sent UDP request to Quebec server:MTLP2345 getAppointmentSchedule|[MTLP2345]|Appointment Schedule of MTLP2345 [PHYSICIAN:MTLA030222,PHYSICIAN:MTLM010222,DENTAL:MTLE030222,DENTAL:MTLA020222,DENTAL:MTLM030222,|false|
23-02-2022 10:38:46|Received UDP response from Sharebrooke server|[MTLP2345]|PHYSICIAN:SHEE080222,SURGEON:SHEE070222,|false|
23-02-2022 10:38:46|Received UDP response from quebec server|[MTLP2345]|PHYSICIAN:QUEA040222,|false|
23-02-2022 10:38:46|Get appointment Schedule|[MTLP2345]|Appointment Schedule of MTLP2345 [PHYSICIAN:MTLA030222,PHYSICIAN:MTLM010222,DENTAL:MTLE030222,DENTAL:MTLA020222,DENTAL:MTLM030222,PHYSICIAN:SHEE080222,SURGEON:SHEE070222,PHYSICIAN:QUEA040222,]|false|
23-02-2022 10:38:46|Cancel appointment|[MTLA030222, MTLP2345]|Success: Cancelled appointment with MTLA030222|false|
23-02-2022 10:38:46|Sent UDP request to Shrebrooke server:MTLP2345 getAppointmentSchedule|[MTLP2345]|Appointment Schedule of MTLP2345 [PHYSICIAN:MTLM010222,DENTAL:MTLE030222,DENTAL:MTLA020222,DENTAL:MTLM030222,|false|
23-02-2022 10:38:46|Sent UDP request to Quebec server:MTLP2345 getAppointmentSchedule|[MTLP2345]|Appointment Schedule of MTLP2345 [PHYSICIAN:MTLM010222,DENTAL:MTLE030222,DENTAL:MTLA020222,DENTAL:MTLM030222,|false|
23-02-2022 10:38:46|Received UDP response from Sharebrooke server|[MTLP2345]|PHYSICIAN:SHEE080222,SURGEON:SHEE070222,|false|
23-02-2022 10:38:46|Received UDP response from quebec server|[MTLP2345]|PHYSICIAN:QUEA040222,|false|
23-02-2022 10:38:46|Get appointment Schedule|[MTLP2345]|Appointment Schedule of MTLP2345 [PHYSICIAN:MTLM010222,DENTAL:MTLE030222,DENTAL:MTLA020222,DENTAL:MTLM030222,PHYSICIAN:SHEE080222,SURGEON:SHEE070222,PHYSICIAN:QUEA040222,]|false|
23-02-2022 10:38:46|Book appointment|[MTLP2345, MTLA230222, PHYSICIAN]|Success: Appointment successfully booked|false|
23-02-2022 10:38:46|Swap appointment|[MTLP2345, MTLA030222, PHYSICIAN, MTLA230222, PHYSICIAN]|Success: appointment swapped|false|
23-02-2022 10:38:51|Sent UDP request to Shrebrooke server:MTLP2345 getAppointmentSchedule|[MTLP2345]|Appointment Schedule of MTLP2345 [PHYSICIAN:MTLM010222,PHYSICIAN:MTLA230222,DENTAL:MTLE030222,DENTAL:MTLA020222,DENTAL:MTLM030222,|false|
23-02-2022 10:38:51|Received UDP response from Sharebrooke server|[MTLP2345]|PHYSICIAN:SHEE080222,SURGEON:SHEE070222,|false|
23-02-2022 10:38:51|Sent UDP request to Quebec server:MTLP2345 getAppointmentSchedule|[MTLP2345]|Appointment Schedule of MTLP2345 [PHYSICIAN:MTLM010222,PHYSICIAN:MTLA230222,DENTAL:MTLE030222,DENTAL:MTLA020222,DENTAL:MTLM030222,PHYSICIAN:SHEE080222,SURGEON:SHEE070222,|false|
23-02-2022 10:38:51|Received UDP response from quebec server|[MTLP2345]|PHYSICIAN:QUEA040222,|false|
23-02-2022 10:38:51|Get appointment Schedule|[MTLP2345]|Appointment Schedule of MTLP2345 [PHYSICIAN:MTLM010222,PHYSICIAN:MTLA230222,DENTAL:MTLE030222,DENTAL:MTLA020222,DENTAL:MTLM030222,PHYSICIAN:SHEE080222,SURGEON:SHEE070222,PHYSICIAN:QUEA040222,]|false|
23-02-2022 10:39:07|Sent UDP request to Shrebrooke server:MTLP2345 getAppointmentSchedule|[MTLP2345]|Appointment Schedule of MTLP2345 [PHYSICIAN:MTLM010222,PHYSICIAN:MTLA230222,DENTAL:MTLE030222,DENTAL:MTLA020222,DENTAL:MTLM030222,|false|
23-02-2022 10:39:07|Sent UDP request to Quebec server:MTLP2345 getAppointmentSchedule|[MTLP2345]|Appointment Schedule of MTLP2345 [PHYSICIAN:MTLM010222,PHYSICIAN:MTLA230222,DENTAL:MTLE030222,DENTAL:MTLA020222,DENTAL:MTLM030222,|false|
23-02-2022 10:39:07|Received UDP response from Sharebrooke server|[MTLP2345]|PHYSICIAN:SHEE080222,SURGEON:SHEE070222,|false|
23-02-2022 10:39:07|Received UDP response from quebec server|[MTLP2345]|PHYSICIAN:QUEA040222,|false|
23-02-2022 10:39:07|Get appointment Schedule|[MTLP2345]|Appointment Schedule of MTLP2345 [PHYSICIAN:MTLM010222,PHYSICIAN:MTLA230222,DENTAL:MTLE030222,DENTAL:MTLA020222,DENTAL:MTLM030222,PHYSICIAN:SHEE080222,SURGEON:SHEE070222,PHYSICIAN:QUEA040222,]|false|
23-02-2022 10:39:33|Sent UDP request to Shrebrooke server:MTLP2345 getAppointmentSchedule|[MTLP2345]|Appointment Schedule of MTLP2345 [PHYSICIAN:MTLM010222,PHYSICIAN:MTLA230222,DENTAL:MTLE030222,DENTAL:MTLA020222,DENTAL:MTLM030222,|false|
23-02-2022 10:39:33|Sent UDP request to Quebec server:MTLP2345 getAppointmentSchedule|[MTLP2345]|Appointment Schedule of MTLP2345 [PHYSICIAN:MTLM010222,PHYSICIAN:MTLA230222,DENTAL:MTLE030222,DENTAL:MTLA020222,DENTAL:MTLM030222,|false|
23-02-2022 10:39:33|Received UDP response from Sharebrooke server|[MTLP2345]|PHYSICIAN:SHEE080222,SURGEON:SHEE070222,|false|
23-02-2022 10:39:33|Received UDP response from quebec server|[MTLP2345]|PHYSICIAN:QUEA040222,|false|
23-02-2022 10:39:33|Get appointment Schedule|[MTLP2345]|Appointment Schedule of MTLP2345 [PHYSICIAN:MTLM010222,PHYSICIAN:MTLA230222,DENTAL:MTLE030222,DENTAL:MTLA020222,DENTAL:MTLM030222,PHYSICIAN:SHEE080222,SURGEON:SHEE070222,PHYSICIAN:QUEA040222,]|false|
23-02-2022 10:39:33|Cancel appointment|[MTLM010222, MTLP2345]|Success: Cancelled appointment with MTLM010222|false|
23-02-2022 10:39:33|Sent UDP request to Shrebrooke server:MTLP2345 getAppointmentSchedule|[MTLP2345]|Appointment Schedule of MTLP2345 [PHYSICIAN:MTLA230222,DENTAL:MTLE030222,DENTAL:MTLA020222,DENTAL:MTLM030222,|false|
23-02-2022 10:39:33|Sent UDP request to Quebec server:MTLP2345 getAppointmentSchedule|[MTLP2345]|Appointment Schedule of MTLP2345 [PHYSICIAN:MTLA230222,DENTAL:MTLE030222,DENTAL:MTLA020222,DENTAL:MTLM030222,|false|
23-02-2022 10:39:33|Received UDP response from Sharebrooke server|[MTLP2345]|PHYSICIAN:SHEE080222,SURGEON:SHEE070222,|false|
23-02-2022 10:39:33|Received UDP response from quebec server|[MTLP2345]|PHYSICIAN:QUEA040222,|false|
23-02-2022 10:39:33|Get appointment Schedule|[MTLP2345]|Appointment Schedule of MTLP2345 [PHYSICIAN:MTLA230222,DENTAL:MTLE030222,DENTAL:MTLA020222,DENTAL:MTLM030222,PHYSICIAN:SHEE080222,SURGEON:SHEE070222,PHYSICIAN:QUEA040222,]|false|
23-02-2022 10:39:33|Book appointment|[MTLP2345, MTLM220222, SURGEON]|Failed: No appointment available for selected slot|false|
23-02-2022 10:39:33|Sent UDP request to Shrebrooke server:MTLP2345 getAppointmentSchedule|[MTLP2345]|Appointment Schedule of MTLP2345 [PHYSICIAN:MTLA230222,DENTAL:MTLE030222,DENTAL:MTLA020222,DENTAL:MTLM030222,|false|
23-02-2022 10:39:33|Sent UDP request to Quebec server:MTLP2345 getAppointmentSchedule|[MTLP2345]|Appointment Schedule of MTLP2345 [PHYSICIAN:MTLA230222,DENTAL:MTLE030222,DENTAL:MTLA020222,DENTAL:MTLM030222,|false|
23-02-2022 10:39:33|Received UDP response from Sharebrooke server|[MTLP2345]|PHYSICIAN:SHEE080222,SURGEON:SHEE070222,|false|
23-02-2022 10:39:33|Received UDP response from quebec server|[MTLP2345]|PHYSICIAN:QUEA040222,|false|
23-02-2022 10:39:33|Get appointment Schedule|[MTLP2345]|Appointment Schedule of MTLP2345 [PHYSICIAN:MTLA230222,DENTAL:MTLE030222,DENTAL:MTLA020222,DENTAL:MTLM030222,PHYSICIAN:SHEE080222,SURGEON:SHEE070222,PHYSICIAN:QUEA040222,]|false|
23-02-2022 10:39:33|Book appointment|[MTLP2345, MTLM010222, PHYSICIAN]|Success: Appointment successfully booked|false|
23-02-2022 10:39:33|Swap appointment|[MTLP2345, MTLM010222, PHYSICIAN, MTLM220222, SURGEON]|Failed: No appointment available for selected slot|false|
23-02-2022 10:39:37|Sent UDP request to Shrebrooke server:MTLP2345 getAppointmentSchedule|[MTLP2345]|Appointment Schedule of MTLP2345 [PHYSICIAN:MTLM010222,PHYSICIAN:MTLA230222,DENTAL:MTLE030222,DENTAL:MTLA020222,DENTAL:MTLM030222,|false|
23-02-2022 10:39:37|Sent UDP request to Quebec server:MTLP2345 getAppointmentSchedule|[MTLP2345]|Appointment Schedule of MTLP2345 [PHYSICIAN:MTLM010222,PHYSICIAN:MTLA230222,DENTAL:MTLE030222,DENTAL:MTLA020222,DENTAL:MTLM030222,|false|
23-02-2022 10:39:37|Received UDP response from Sharebrooke server|[MTLP2345]|PHYSICIAN:SHEE080222,SURGEON:SHEE070222,|false|
23-02-2022 10:39:37|Received UDP response from quebec server|[MTLP2345]|PHYSICIAN:QUEA040222,|false|
23-02-2022 10:39:37|Get appointment Schedule|[MTLP2345]|Appointment Schedule of MTLP2345 [PHYSICIAN:MTLM010222,PHYSICIAN:MTLA230222,DENTAL:MTLE030222,DENTAL:MTLA020222,DENTAL:MTLM030222,PHYSICIAN:SHEE080222,SURGEON:SHEE070222,PHYSICIAN:QUEA040222,]|false|
23-02-2022 10:45:34|Sent UDP request to Shrebrooke server:MTLP2345 getAppointmentSchedule|[MTLP2345]|Appointment Schedule of MTLP2345 [PHYSICIAN:MTLM010222,PHYSICIAN:MTLA230222,DENTAL:MTLE030222,DENTAL:MTLA020222,DENTAL:MTLM030222,|false|
23-02-2022 10:45:34|Sent UDP request to Quebec server:MTLP2345 getAppointmentSchedule|[MTLP2345]|Appointment Schedule of MTLP2345 [PHYSICIAN:MTLM010222,PHYSICIAN:MTLA230222,DENTAL:MTLE030222,DENTAL:MTLA020222,DENTAL:MTLM030222,|false|
23-02-2022 10:45:34|Received UDP response from Sharebrooke server|[MTLP2345]|PHYSICIAN:SHEE080222,SURGEON:SHEE070222,|false|
23-02-2022 10:45:34|Received UDP response from quebec server|[MTLP2345]|PHYSICIAN:QUEA040222,|false|
23-02-2022 10:45:34|Get appointment Schedule|[MTLP2345]|Appointment Schedule of MTLP2345 [PHYSICIAN:MTLM010222,PHYSICIAN:MTLA230222,DENTAL:MTLE030222,DENTAL:MTLA020222,DENTAL:MTLM030222,PHYSICIAN:SHEE080222,SURGEON:SHEE070222,PHYSICIAN:QUEA040222,]|false|
23-02-2022 10:45:34|Book appointment|[MTLP2345, MTLA230222, PHYSICIAN]|Failed: Patient has already booked appointment in same day withPHYSICIAN|false|
23-02-2022 10:45:40|Sent UDP request to Shrebrooke server:MTLP2345 getAppointmentSchedule|[MTLP2345]|Appointment Schedule of MTLP2345 [PHYSICIAN:MTLM010222,PHYSICIAN:MTLA230222,DENTAL:MTLE030222,DENTAL:MTLA020222,DENTAL:MTLM030222,|false|
23-02-2022 10:45:40|Sent UDP request to Quebec server:MTLP2345 getAppointmentSchedule|[MTLP2345]|Appointment Schedule of MTLP2345 [PHYSICIAN:MTLM010222,PHYSICIAN:MTLA230222,DENTAL:MTLE030222,DENTAL:MTLA020222,DENTAL:MTLM030222,|false|
23-02-2022 10:45:40|Received UDP response from Sharebrooke server|[MTLP2345]|PHYSICIAN:SHEE080222,SURGEON:SHEE070222,|false|
23-02-2022 10:45:40|Received UDP response from quebec server|[MTLP2345]|PHYSICIAN:QUEA040222,|false|
23-02-2022 10:45:40|Get appointment Schedule|[MTLP2345]|Appointment Schedule of MTLP2345 [PHYSICIAN:MTLM010222,PHYSICIAN:MTLA230222,DENTAL:MTLE030222,DENTAL:MTLA020222,DENTAL:MTLM030222,PHYSICIAN:SHEE080222,SURGEON:SHEE070222,PHYSICIAN:QUEA040222,]|false|
23-02-2022 14:33:48|Remove appointment|[MTLA220222, PHYSICIAN]|Failed: No appointment is available with appointmentId: MTLA220222|false|
23-02-2022 14:36:15|Sent UDP request to Shrebrooke server:DENTAL list appointment availability|[DENTAL]||false|
23-02-2022 14:36:15|Sent UDP request to Quebec server:DENTAL list appointment availability|[DENTAL]||false|
23-02-2022 14:36:15|Received UDP response from Sharebrooke server|[DENTAL]|SHEA050222  3,|false|
23-02-2022 14:36:15|Received UDP response from quebec server|[DENTAL]|QUEA010222  4, QUEA020222  9,|false|
23-02-2022 14:36:15|List Appointment Availability of DENTAL|[DENTAL]|List appointment DENTAL: [MTLA010222  1, MTLE030222  3, MTLA020222  8, MTLM030222  0, SHEA050222  3,QUEA010222  4, QUEA020222  9,]|false|
23-02-2022 14:36:32|Sent UDP request to Shrebrooke server:SURGEON list appointment availability|[SURGEON]||false|
23-02-2022 14:36:32|Received UDP response from Sharebrooke server|[SURGEON]|SHEE070222  0,|false|
23-02-2022 14:36:32|Sent UDP request to Quebec server:SURGEON list appointment availability|[SURGEON]||false|
23-02-2022 14:36:32|Received UDP response from quebec server|[SURGEON]||false|
23-02-2022 14:36:32|List Appointment Availability of SURGEON|[SURGEON]|List appointment SURGEON: [MTLA030222  0, MTLM030222  0, SHEE070222  0,]|false|
23-02-2022 14:36:37|Sent UDP request to Shrebrooke server:PHYSICIAN list appointment availability|[PHYSICIAN]||false|
23-02-2022 14:36:37|Received UDP response from Sharebrooke server|[PHYSICIAN]|SHEE080222  2,|false|
23-02-2022 14:36:37|Sent UDP request to Quebec server:PHYSICIAN list appointment availability|[PHYSICIAN]||false|
23-02-2022 14:36:37|Received UDP response from quebec server|[PHYSICIAN]|QUEA040222  6,|false|
23-02-2022 14:36:37|List Appointment Availability of PHYSICIAN|[PHYSICIAN]|List appointment PHYSICIAN: [MTLE030222  2, MTLA030222  1, MTLM010222  0, SHEE080222  2,QUEA040222  6,]|false|
23-02-2022 14:43:28|Sent UDP request to Shrebrooke server:MTLP2345 getAppointmentSchedule|[MTLP2345]|Appointment Schedule of MTLP2345 [PHYSICIAN:MTLA030222,PHYSICIAN:MTLM010222,DENTAL:MTLE030222,DENTAL:MTLA020222,DENTAL:MTLM030222,|false|
23-02-2022 14:43:28|Sent UDP request to Quebec server:MTLP2345 getAppointmentSchedule|[MTLP2345]|Appointment Schedule of MTLP2345 [PHYSICIAN:MTLA030222,PHYSICIAN:MTLM010222,DENTAL:MTLE030222,DENTAL:MTLA020222,DENTAL:MTLM030222,|false|
23-02-2022 14:43:28|Received UDP response from Sharebrooke server|[MTLP2345]|PHYSICIAN:SHEE080222,SURGEON:SHEE070222,|false|
23-02-2022 14:43:28|Received UDP response from quebec server|[MTLP2345]|PHYSICIAN:QUEA040222,|false|
23-02-2022 14:43:28|Get appointment Schedule|[MTLP2345]|Appointment Schedule of MTLP2345 [PHYSICIAN:MTLA030222,PHYSICIAN:MTLM010222,DENTAL:MTLE030222,DENTAL:MTLA020222,DENTAL:MTLM030222,PHYSICIAN:SHEE080222,SURGEON:SHEE070222,PHYSICIAN:QUEA040222,]|false|
23-02-2022 14:43:48|Add appointment|[MTLA230222, PHYSICIAN, 15]|Success: Appointment Added|true|
23-02-2022 14:44:37|Sent UDP request to Shrebrooke server:MTLP2345 getAppointmentSchedule|[MTLP2345]|Appointment Schedule of MTLP2345 [PHYSICIAN:MTLA030222,PHYSICIAN:MTLM010222,DENTAL:MTLE030222,DENTAL:MTLA020222,DENTAL:MTLM030222,|false|
23-02-2022 14:44:37|Sent UDP request to Quebec server:MTLP2345 getAppointmentSchedule|[MTLP2345]|Appointment Schedule of MTLP2345 [PHYSICIAN:MTLA030222,PHYSICIAN:MTLM010222,DENTAL:MTLE030222,DENTAL:MTLA020222,DENTAL:MTLM030222,|false|
23-02-2022 14:44:37|Received UDP response from Sharebrooke server|[MTLP2345]|PHYSICIAN:SHEE080222,SURGEON:SHEE070222,|false|
23-02-2022 14:44:37|Received UDP response from quebec server|[MTLP2345]|PHYSICIAN:QUEA040222,|false|
23-02-2022 14:44:37|Get appointment Schedule|[MTLP2345]|Appointment Schedule of MTLP2345 [PHYSICIAN:MTLA030222,PHYSICIAN:MTLM010222,DENTAL:MTLE030222,DENTAL:MTLA020222,DENTAL:MTLM030222,PHYSICIAN:SHEE080222,SURGEON:SHEE070222,PHYSICIAN:QUEA040222,]|false|
23-02-2022 14:44:37|Cancel appointment|[MTLA030222, MTLP2345]|Success: Cancelled appointment with MTLA030222|false|
23-02-2022 14:44:37|Sent UDP request to Shrebrooke server:MTLP2345 getAppointmentSchedule|[MTLP2345]|Appointment Schedule of MTLP2345 [PHYSICIAN:MTLM010222,DENTAL:MTLE030222,DENTAL:MTLA020222,DENTAL:MTLM030222,|false|
23-02-2022 14:44:37|Sent UDP request to Quebec server:MTLP2345 getAppointmentSchedule|[MTLP2345]|Appointment Schedule of MTLP2345 [PHYSICIAN:MTLM010222,DENTAL:MTLE030222,DENTAL:MTLA020222,DENTAL:MTLM030222,|false|
23-02-2022 14:44:37|Received UDP response from Sharebrooke server|[MTLP2345]|PHYSICIAN:SHEE080222,SURGEON:SHEE070222,|false|
23-02-2022 14:44:37|Received UDP response from quebec server|[MTLP2345]|PHYSICIAN:QUEA040222,|false|
23-02-2022 14:44:37|Get appointment Schedule|[MTLP2345]|Appointment Schedule of MTLP2345 [PHYSICIAN:MTLM010222,DENTAL:MTLE030222,DENTAL:MTLA020222,DENTAL:MTLM030222,PHYSICIAN:SHEE080222,SURGEON:SHEE070222,PHYSICIAN:QUEA040222,]|false|
23-02-2022 14:44:37|Book appointment|[MTLP2345, MTLA230222, PHYSICIAN]|Success: Appointment successfully booked|false|
23-02-2022 14:44:37|Swap appointment|[MTLP2345, MTLA030222, PHYSICIAN, MTLA230222, PHYSICIAN]|Success: appointment swapped|false|
23-02-2022 14:45:15|Sent UDP request to Shrebrooke server:MTLP2345 getAppointmentSchedule|[MTLP2345]|Appointment Schedule of MTLP2345 [PHYSICIAN:MTLM010222,PHYSICIAN:MTLA230222,DENTAL:MTLE030222,DENTAL:MTLA020222,DENTAL:MTLM030222,|false|
23-02-2022 14:45:15|Sent UDP request to Quebec server:MTLP2345 getAppointmentSchedule|[MTLP2345]|Appointment Schedule of MTLP2345 [PHYSICIAN:MTLM010222,PHYSICIAN:MTLA230222,DENTAL:MTLE030222,DENTAL:MTLA020222,DENTAL:MTLM030222,|false|
23-02-2022 14:45:15|Received UDP response from Sharebrooke server|[MTLP2345]|PHYSICIAN:SHEE080222,SURGEON:SHEE070222,|false|
23-02-2022 14:45:15|Received UDP response from quebec server|[MTLP2345]|PHYSICIAN:QUEA040222,|false|
23-02-2022 14:45:15|Get appointment Schedule|[MTLP2345]|Appointment Schedule of MTLP2345 [PHYSICIAN:MTLM010222,PHYSICIAN:MTLA230222,DENTAL:MTLE030222,DENTAL:MTLA020222,DENTAL:MTLM030222,PHYSICIAN:SHEE080222,SURGEON:SHEE070222,PHYSICIAN:QUEA040222,]|false|
23-02-2022 14:45:37|Sent UDP request to Shrebrooke server:MTLP2345 getAppointmentSchedule|[MTLP2345]|Appointment Schedule of MTLP2345 [PHYSICIAN:MTLM010222,PHYSICIAN:MTLA230222,DENTAL:MTLE030222,DENTAL:MTLA020222,DENTAL:MTLM030222,|false|
23-02-2022 14:45:37|Received UDP response from Sharebrooke server|[MTLP2345]|PHYSICIAN:SHEE080222,SURGEON:SHEE070222,|false|
23-02-2022 14:45:37|Sent UDP request to Quebec server:MTLP2345 getAppointmentSchedule|[MTLP2345]|Appointment Schedule of MTLP2345 [PHYSICIAN:MTLM010222,PHYSICIAN:MTLA230222,DENTAL:MTLE030222,DENTAL:MTLA020222,DENTAL:MTLM030222,|false|
23-02-2022 14:45:37|Received UDP response from quebec server|[MTLP2345]|PHYSICIAN:QUEA040222,|false|
23-02-2022 14:45:37|Get appointment Schedule|[MTLP2345]|Appointment Schedule of MTLP2345 [PHYSICIAN:MTLM010222,PHYSICIAN:MTLA230222,DENTAL:MTLE030222,DENTAL:MTLA020222,DENTAL:MTLM030222,PHYSICIAN:SHEE080222,SURGEON:SHEE070222,PHYSICIAN:QUEA040222,]|false|
23-02-2022 14:45:37|Swap appointment|[MTLP2345, MTLA230222, SURGEON, MTLA030222, PHYSICIAN]|Failed: No record found of [MTLP2345, MTLA230222]|false|
23-02-2022 14:49:27|Sent UDP request to Shrebrooke server:MTLP2345 getAppointmentSchedule|[MTLP2345]|Appointment Schedule of MTLP2345 [PHYSICIAN:MTLM010222,PHYSICIAN:MTLA230222,DENTAL:MTLE030222,DENTAL:MTLA020222,DENTAL:MTLM030222,|false|
23-02-2022 14:49:27|Sent UDP request to Quebec server:MTLP2345 getAppointmentSchedule|[MTLP2345]|Appointment Schedule of MTLP2345 [PHYSICIAN:MTLM010222,PHYSICIAN:MTLA230222,DENTAL:MTLE030222,DENTAL:MTLA020222,DENTAL:MTLM030222,|false|
23-02-2022 14:49:27|Received UDP response from Sharebrooke server|[MTLP2345]|PHYSICIAN:SHEE080222,SURGEON:SHEE070222,|false|
23-02-2022 14:49:27|Received UDP response from quebec server|[MTLP2345]|PHYSICIAN:QUEA040222,|false|
23-02-2022 14:49:27|Get appointment Schedule|[MTLP2345]|Appointment Schedule of MTLP2345 [PHYSICIAN:MTLM010222,PHYSICIAN:MTLA230222,DENTAL:MTLE030222,DENTAL:MTLA020222,DENTAL:MTLM030222,PHYSICIAN:SHEE080222,SURGEON:SHEE070222,PHYSICIAN:QUEA040222,]|false|
23-02-2022 14:49:27|Cancel appointment|[MTLA230222, MTLP2345]|Success: Cancelled appointment with MTLA230222|false|
23-02-2022 14:49:27|Sent UDP request to Shrebrooke server:MTLP2345 getAppointmentSchedule|[MTLP2345]|Appointment Schedule of MTLP2345 [PHYSICIAN:MTLM010222,DENTAL:MTLE030222,DENTAL:MTLA020222,DENTAL:MTLM030222,|false|
23-02-2022 14:49:27|Sent UDP request to Quebec server:MTLP2345 getAppointmentSchedule|[MTLP2345]|Appointment Schedule of MTLP2345 [PHYSICIAN:MTLM010222,DENTAL:MTLE030222,DENTAL:MTLA020222,DENTAL:MTLM030222,|false|
23-02-2022 14:49:27|Received UDP response from Sharebrooke server|[MTLP2345]|PHYSICIAN:SHEE080222,SURGEON:SHEE070222,|false|
23-02-2022 14:49:27|Received UDP response from quebec server|[MTLP2345]|PHYSICIAN:QUEA040222,|false|
23-02-2022 14:49:27|Get appointment Schedule|[MTLP2345]|Appointment Schedule of MTLP2345 [PHYSICIAN:MTLM010222,DENTAL:MTLE030222,DENTAL:MTLA020222,DENTAL:MTLM030222,PHYSICIAN:SHEE080222,SURGEON:SHEE070222,PHYSICIAN:QUEA040222,]|false|
23-02-2022 14:49:27|Book appointment|[MTLP2345, MTLE240222, PHYSICIAN]|Failed: No appointment available for selected slot|false|
23-02-2022 14:49:27|Sent UDP request to Shrebrooke server:MTLP2345 getAppointmentSchedule|[MTLP2345]|Appointment Schedule of MTLP2345 [PHYSICIAN:MTLM010222,DENTAL:MTLE030222,DENTAL:MTLA020222,DENTAL:MTLM030222,|false|
23-02-2022 14:49:27|Sent UDP request to Quebec server:MTLP2345 getAppointmentSchedule|[MTLP2345]|Appointment Schedule of MTLP2345 [PHYSICIAN:MTLM010222,DENTAL:MTLE030222,DENTAL:MTLA020222,DENTAL:MTLM030222,|false|
23-02-2022 14:49:27|Received UDP response from Sharebrooke server|[MTLP2345]|PHYSICIAN:SHEE080222,SURGEON:SHEE070222,|false|
23-02-2022 14:49:27|Received UDP response from quebec server|[MTLP2345]|PHYSICIAN:QUEA040222,|false|
23-02-2022 14:49:27|Get appointment Schedule|[MTLP2345]|Appointment Schedule of MTLP2345 [PHYSICIAN:MTLM010222,DENTAL:MTLE030222,DENTAL:MTLA020222,DENTAL:MTLM030222,PHYSICIAN:SHEE080222,SURGEON:SHEE070222,PHYSICIAN:QUEA040222,]|false|
23-02-2022 14:49:27|Book appointment|[MTLP2345, MTLA230222, PHYSICIAN]|Success: Appointment successfully booked|false|
23-02-2022 14:49:27|Swap appointment|[MTLP2345, MTLA230222, PHYSICIAN, MTLE240222, PHYSICIAN]|Failed: No appointment available for selected slot|false|
07-03-2022 20:28:53|Sent UDP request to Shrebrooke server:MTLA0000 getAppointmentSchedule|[MTLA0000]|Appointment Schedule of MTLA0000 [|false|
07-03-2022 20:28:53|Sent UDP request to Quebec server:MTLA0000 getAppointmentSchedule|[MTLA0000]|Appointment Schedule of MTLA0000 [|false|
07-03-2022 20:28:53|Received UDP response from Sharebrooke server|[MTLA0000]||false|
07-03-2022 20:28:53|Received UDP response from quebec server|[MTLA0000]||false|
07-03-2022 20:28:53|Get appointment Schedule|[MTLA0000]|Appointment Schedule of MTLA0000 []|false|
07-03-2022 20:28:59|Sent UDP request to Shrebrooke server:PHYSICIAN list appointment availability|[PHYSICIAN]||false|
07-03-2022 20:28:59|Sent UDP request to Quebec server:PHYSICIAN list appointment availability|[PHYSICIAN]||false|
07-03-2022 20:28:59|Received UDP response from Sharebrooke server|[PHYSICIAN]|SHEE080222  2,|false|
07-03-2022 20:28:59|Received UDP response from quebec server|[PHYSICIAN]|QUEA040222  6,|false|
07-03-2022 20:28:59|List Appointment Availability of PHYSICIAN|[PHYSICIAN]|List appointment PHYSICIAN: [MTLE030222  2, MTLA030222  1, MTLM010222  0, SHEE080222  2,QUEA040222  6,]|false|
